<?xml version="1.0" encoding="UTF-8"?>
<!-- Generated by org.testng.reporters.JUnitXMLReporter -->
<testsuite ignored="0" hostname="LAPTOP-FIC3BV9H" failures="1" tests="1" name="Test" time="10.683" errors="0" timestamp="27 Feb 2019 07:04:22 GMT">
  <testcase classname="com.Cyrano.TestCases.LoginTest" name="test" time="3.045">
    <failure type="java.lang.NullPointerException">
      <![CDATA[java.lang.NullPointerException
at org.openqa.selenium.support.pagefactory.DefaultElementLocator.findElement(DefaultElementLocator.java:69)
at org.openqa.selenium.support.pagefactory.internal.LocatingElementHandler.invoke(LocatingElementHandler.java:38)
at com.sun.proxy.$Proxy11.sendKeys(Unknown Source)
at com.Cyrano.pages.LoginPage.loginCyrano(LoginPage.java:31)
at com.Cyrano.TestCases.LoginTest.test(LoginTest.java:24)
... Removed 25 stack frames]]>
    </failure>
  </testcase> <!-- test -->
</testsuite> <!-- Test -->
